<?xml version="1.0" encoding="UTF-8"?>
<testsuite xmlns:xsi="http://www.w3.org/2001/XMLSchema-instance" xsi:noNamespaceSchemaLocation="https://maven.apache.org/surefire/maven-surefire-plugin/xsd/surefire-test-report-3.0.xsd" version="3.0" name="j2cpbase.tokenizer.TokenizerTest" time="0.091" tests="5" errors="0" skipped="0" failures="0">
  <properties>
[...]
</properties>
  <testcase name="testSingleDigitInteger" classname="j2cpbase.tokenizer.TokenizerTest" time="0.015"/>
  <testcase name="testLet" classname="j2cpbase.tokenizer.TokenizerTest" time="0.0"/>
  <testcase name="testEmptyFile" classname="j2cpbase.tokenizer.TokenizerTest" time="0.0"/>
  <testcase name="testLetWhitespaceAtEnd" classname="j2cpbase.tokenizer.TokenizerTest" time="0.0"/>
  <testcase name="testMultiDigitInteger" classname="j2cpbase.tokenizer.TokenizerTest" time="0.0"/>
</testsuite>